<?xml version="1.0" encoding="UTF-8"?>
<!-- Generated by org.testng.reporters.JUnitReportReporter -->
<testsuite hostname="IBASELH78" failures="0" tests="1" name="PlanTestCases.CreateNewPlan" time="41.541" errors="0" timestamp="2024-07-17T11:13:38 IST" skipped="0">
  <testcase classname="PlanTestCases.CreateNewPlan" name="createnewPlan" time="41.541"/>
</testsuite> <!-- PlanTestCases.CreateNewPlan -->
