<?xml version="1.0" encoding="UTF-8"?>
<!-- Generated by org.testng.reporters.JUnitReportReporter -->
<testsuite hostname="LAPTOP-S4GV5551" failures="0" tests="1" name="loginModule.GenericLogin" time="17.614" errors="0" timestamp="2024-08-16T21:26:11 IST" skipped="0">
  <testcase classname="loginModule.GenericLogin" name="LoginData" time="17.614"/>
</testsuite> <!-- loginModule.GenericLogin -->
