<?xml version="1.0" encoding="UTF-8"?>
<!-- Generated by org.testng.reporters.JUnitReportReporter -->
<testsuite hostname="IBASELH78" failures="0" tests="1" name="loginModule.GenericLogin" time="12.443" errors="0" timestamp="2024-08-10T22:10:05 IST" skipped="0">
  <testcase classname="loginModule.GenericLogin" name="LoginData" time="12.443"/>
</testsuite> <!-- loginModule.GenericLogin -->
