<?xml version="1.0" encoding="UTF-8"?>
<!-- Generated by org.testng.reporters.JUnitReportReporter -->
<testsuite hostname="IBASELH78" failures="0" tests="1" name="loginTestCases.SampleTest" time="3.032" errors="0" timestamp="2024-05-10T13:01:01 IST" skipped="0">
  <testcase classname="loginTestCases.SampleTest" name="setUpWebDriver" time="3.032"/>
</testsuite> <!-- loginTestCases.SampleTest -->
