<?xml version="1.0" encoding="UTF-8"?>
<!-- Generated by org.testng.reporters.JUnitReportReporter -->
<testsuite hostname="LAPTOP-S4GV5551" failures="0" tests="1" name="loginModule.GenericLogin" time="23.731" errors="0" timestamp="2024-08-17T19:37:15 IST" skipped="0">
  <testcase classname="loginModule.GenericLogin" name="LoginData" time="23.731"/>
</testsuite> <!-- loginModule.GenericLogin -->
