<?xml version="1.0" encoding="UTF-8"?>
<!-- Generated by org.testng.reporters.JUnitReportReporter -->
<testsuite hostname="IBASELH78" failures="0" tests="1" name="PlanTestCases.CreateNewPlan" time="33.470" errors="0" timestamp="2024-08-10T22:10:05 IST" skipped="0">
  <testcase classname="PlanTestCases.CreateNewPlan" name="createnewPlan" time="33.470"/>
</testsuite> <!-- PlanTestCases.CreateNewPlan -->
